\BOOKMARK [0][-]{chapter*.1}{\376\377\000R\000e\000m\000e\000r\000c\000i\000e\000m\000e\000n\000t\000s}{}% 1
\BOOKMARK [0][-]{chapter*.2}{\376\377\000R\000\351\000s\000u\000m\000\351}{}% 2
\BOOKMARK [0][-]{chapter*.3}{\376\377\000A\000b\000s\000t\000r\000a\000c\000t}{}% 3
\BOOKMARK [0][-]{chapter*.4}{\376\377\000L\000i\000s\000t\000e\000\040\000d\000e\000s\000\040\000A\000b\000r\000\351\000v\000i\000a\000t\000i\000o\000n\000s}{}% 4
\BOOKMARK [0][-]{chapter*.5}{\376\377\000I\000n\000t\000r\000o\000d\000u\000c\000t\000i\000o\000n\000\040\000G\000\351\000n\000\351\000r\000a\000l\000e}{}% 5
\BOOKMARK [0][-]{chapter.1}{\376\377\000C\000o\000n\000t\000e\000x\000t\000e\000\040\000G\000\351\000n\000\351\000r\000a\000l\000\040\000e\000t\000\040\000C\000a\000d\000r\000e\000\040\000d\000u\000\040\000P\000r\000o\000j\000e\000t}{}% 6
\BOOKMARK [1][-]{section.1.1}{\376\377\000P\000r\000\351\000s\000e\000n\000t\000a\000t\000i\000o\000n\000\040\000d\000e\000\040\000l\000'\000E\000n\000t\000r\000e\000p\000r\000i\000s\000e\000\040\000S\000E\000W\000S\000\040\000M\000a\000r\000o\000c}{chapter.1}% 7
\BOOKMARK [2][-]{subsection.1.1.1}{\376\377\000L\000e\000\040\000G\000r\000o\000u\000p\000e\000\040\000S\000u\000m\000i\000t\000o\000m\000o\000\040\000E\000l\000e\000c\000t\000r\000i\000c}{section.1.1}% 8
\BOOKMARK [2][-]{subsection.1.1.2}{\376\377\000S\000E\000W\000S\000\040\000M\000a\000r\000o\000c\000\040\000:\000\040\000I\000m\000p\000l\000a\000n\000t\000a\000t\000i\000o\000n\000\040\000e\000t\000\040\000a\000c\000t\000i\000v\000i\000t\000\351\000s}{section.1.1}% 9
\BOOKMARK [2][-]{subsection.1.1.3}{\376\377\000O\000r\000g\000a\000n\000i\000s\000a\000t\000i\000o\000n\000\040\000e\000t\000\040\000d\000\351\000p\000a\000r\000t\000e\000m\000e\000n\000t\000s}{section.1.1}% 10
\BOOKMARK [1][-]{section.1.2}{\376\377\000L\000e\000\040\000D\000\351\000p\000a\000r\000t\000e\000m\000e\000n\000t\000\040\000M\000a\000i\000n\000t\000e\000n\000a\000n\000c\000e\000\040\000e\000t\000\040\000l\000'\000A\000t\000e\000l\000i\000e\000r\000\040\000T\000e\000s\000t\000\040\000\311\000l\000e\000c\000t\000r\000i\000q\000u\000e}{chapter.1}% 11
\BOOKMARK [2][-]{subsection.1.2.1}{\376\377\000M\000i\000s\000s\000i\000o\000n\000s\000\040\000d\000u\000\040\000d\000\351\000p\000a\000r\000t\000e\000m\000e\000n\000t\000\040\000M\000a\000i\000n\000t\000e\000n\000a\000n\000c\000e}{section.1.2}% 12
\BOOKMARK [2][-]{subsection.1.2.2}{\376\377\000L\000'\000A\000t\000e\000l\000i\000e\000r\000\040\000T\000e\000s\000t\000\040\000\311\000l\000e\000c\000t\000r\000i\000q\000u\000e\000\040\000:\000\040\000c\000o\000n\000t\000e\000x\000t\000e\000\040\000o\000p\000\351\000r\000a\000t\000i\000o\000n\000n\000e\000l}{section.1.2}% 13
\BOOKMARK [1][-]{section.1.3}{\376\377\000L\000e\000\040\000S\000y\000s\000t\000\350\000m\000e\000\040\000A\000n\000d\000o\000n\000\040\000E\000x\000i\000s\000t\000a\000n\000t}{chapter.1}% 14
\BOOKMARK [2][-]{subsection.1.3.1}{\376\377\000O\000r\000i\000g\000i\000n\000e\000\040\000e\000t\000\040\000p\000r\000i\000n\000c\000i\000p\000e\000\040\000d\000u\000\040\000s\000y\000s\000t\000\350\000m\000e\000\040\000A\000n\000d\000o\000n}{section.1.3}% 15
\BOOKMARK [2][-]{subsection.1.3.2}{\376\377\000M\000i\000s\000e\000\040\000e\000n\000\040\001\123\000u\000v\000r\000e\000\040\000a\000c\000t\000u\000e\000l\000l\000e\000\040\000c\000h\000e\000z\000\040\000S\000E\000W\000S\000\040\000M\000a\000r\000o\000c}{section.1.3}% 16
\BOOKMARK [2][-]{subsection.1.3.3}{\376\377\000L\000i\000m\000i\000t\000a\000t\000i\000o\000n\000s\000\040\000d\000u\000\040\000s\000y\000s\000t\000\350\000m\000e\000\040\000a\000c\000t\000u\000e\000l}{section.1.3}% 17
\BOOKMARK [1][-]{section.1.4}{\376\377\000P\000r\000o\000b\000l\000\351\000m\000a\000t\000i\000q\000u\000e\000\040\000e\000t\000\040\000Q\000u\000e\000s\000t\000i\000o\000n\000s\000\040\000d\000e\000\040\000R\000e\000c\000h\000e\000r\000c\000h\000e}{chapter.1}% 18
\BOOKMARK [2][-]{subsection.1.4.1}{\376\377\000F\000o\000r\000m\000u\000l\000a\000t\000i\000o\000n\000\040\000d\000e\000\040\000l\000a\000\040\000p\000r\000o\000b\000l\000\351\000m\000a\000t\000i\000q\000u\000e}{section.1.4}% 19
\BOOKMARK [2][-]{subsection.1.4.2}{\376\377\000Q\000u\000e\000s\000t\000i\000o\000n\000s\000\040\000d\000e\000\040\000r\000e\000c\000h\000e\000r\000c\000h\000e}{section.1.4}% 20
\BOOKMARK [1][-]{section.1.5}{\376\377\000S\000o\000l\000u\000t\000i\000o\000n\000\040\000P\000r\000o\000p\000o\000s\000\351\000e\000\040\000:\000\040\000S\000y\000s\000t\000\350\000m\000e\000\040\000A\000n\000d\000o\000n\000\040\000I\000n\000t\000e\000l\000l\000i\000g\000e\000n\000t\000\040\000B\000a\000s\000\351\000\040\000s\000u\000r\000\040\000l\000'\000I\000I\000o\000T}{chapter.1}% 21
\BOOKMARK [2][-]{subsection.1.5.1}{\376\377\000V\000i\000s\000i\000o\000n\000\040\000g\000l\000o\000b\000a\000l\000e\000\040\000d\000e\000\040\000l\000a\000\040\000s\000o\000l\000u\000t\000i\000o\000n}{section.1.5}% 22
\BOOKMARK [2][-]{subsection.1.5.2}{\376\377\000C\000y\000c\000l\000e\000\040\000d\000e\000\040\000v\000i\000e\000\040\000d\000'\000u\000n\000e\000\040\000p\000a\000n\000n\000e\000\040\000:\000\040\000a\000p\000p\000r\000o\000c\000h\000e\000\040\000p\000r\000o\000c\000e\000s\000s\000u\000e\000l\000l\000e}{section.1.5}% 23
\BOOKMARK [2][-]{subsection.1.5.3}{\376\377\000I\000n\000d\000i\000c\000a\000t\000e\000u\000r\000s\000\040\000d\000e\000\040\000p\000e\000r\000f\000o\000r\000m\000a\000n\000c\000e\000\040\000c\000a\000l\000c\000u\000l\000\351\000s\000\040\000a\000u\000t\000o\000m\000a\000t\000i\000q\000u\000e\000m\000e\000n\000t}{section.1.5}% 24
\BOOKMARK [2][-]{subsection.1.5.4}{\376\377\000B\000\351\000n\000\351\000f\000i\000c\000e\000s\000\040\000a\000t\000t\000e\000n\000d\000u\000s}{section.1.5}% 25
\BOOKMARK [2][-]{subsection.1.5.5}{\376\377\000A\000r\000c\000h\000i\000t\000e\000c\000t\000u\000r\000e\000\040\000t\000e\000c\000h\000n\000o\000l\000o\000g\000i\000q\000u\000e}{section.1.5}% 26
\BOOKMARK [0][-]{chapter.2}{\376\377\000A\000n\000a\000l\000y\000s\000e\000\040\000d\000e\000s\000\040\000B\000e\000s\000o\000i\000n\000s\000\040\000e\000t\000\040\000C\000o\000n\000c\000e\000p\000t\000i\000o\000n\000\040\000d\000u\000\040\000S\000y\000s\000t\000\350\000m\000e}{}% 27
\BOOKMARK [1][-]{section.2.1}{\376\377\000A\000n\000a\000l\000y\000s\000e\000\040\000d\000e\000s\000\040\000B\000e\000s\000o\000i\000n\000s}{chapter.2}% 28
\BOOKMARK [2][-]{subsection.2.1.1}{\376\377\000I\000d\000e\000n\000t\000i\000f\000i\000c\000a\000t\000i\000o\000n\000\040\000d\000e\000s\000\040\000a\000c\000t\000e\000u\000r\000s}{section.2.1}% 29
\BOOKMARK [2][-]{subsection.2.1.2}{\376\377\000B\000e\000s\000o\000i\000n\000s\000\040\000f\000o\000n\000c\000t\000i\000o\000n\000n\000e\000l\000s}{section.2.1}% 30
\BOOKMARK [2][-]{subsection.2.1.3}{\376\377\000B\000e\000s\000o\000i\000n\000s\000\040\000n\000o\000n\000\040\000f\000o\000n\000c\000t\000i\000o\000n\000n\000e\000l\000s}{section.2.1}% 31
\BOOKMARK [1][-]{section.2.2}{\376\377\000M\000o\000d\000\351\000l\000i\000s\000a\000t\000i\000o\000n\000\040\000U\000M\000L\000\040\000d\000u\000\040\000S\000y\000s\000t\000\350\000m\000e}{chapter.2}% 32
\BOOKMARK [2][-]{subsection.2.2.1}{\376\377\000D\000i\000a\000g\000r\000a\000m\000m\000e\000\040\000d\000e\000\040\000c\000a\000s\000\040\000d\000'\000u\000t\000i\000l\000i\000s\000a\000t\000i\000o\000n}{section.2.2}% 33
\BOOKMARK [2][-]{subsection.2.2.2}{\376\377\000D\000i\000a\000g\000r\000a\000m\000m\000e\000\040\000d\000e\000\040\000s\000\351\000q\000u\000e\000n\000c\000e\000\040\000:\000\040\000D\000\351\000t\000e\000c\000t\000i\000o\000n\000\040\000d\000'\000u\000n\000e\000\040\000p\000a\000n\000n\000e}{section.2.2}% 34
\BOOKMARK [2][-]{subsection.2.2.3}{\376\377\000D\000i\000a\000g\000r\000a\000m\000m\000e\000\040\000d\000e\000\040\000s\000\351\000q\000u\000e\000n\000c\000e\000\040\000:\000\040\000I\000n\000t\000e\000r\000v\000e\000n\000t\000i\000o\000n\000\040\000t\000e\000c\000h\000n\000i\000c\000i\000e\000n}{section.2.2}% 35
\BOOKMARK [2][-]{subsection.2.2.4}{\376\377\000D\000i\000a\000g\000r\000a\000m\000m\000e\000\040\000d\000'\000a\000c\000t\000i\000v\000i\000t\000\351\000s\000\040\000:\000\040\000C\000y\000c\000l\000e\000\040\000d\000e\000\040\000v\000i\000e\000\040\000c\000o\000m\000p\000l\000e\000t}{section.2.2}% 36
\BOOKMARK [1][-]{section.2.3}{\376\377\000A\000r\000c\000h\000i\000t\000e\000c\000t\000u\000r\000e\000\040\000d\000u\000\040\000S\000y\000s\000t\000\350\000m\000e}{chapter.2}% 37
\BOOKMARK [2][-]{subsection.2.3.1}{\376\377\000A\000r\000c\000h\000i\000t\000e\000c\000t\000u\000r\000e\000\040\000e\000n\000\040\000c\000o\000u\000c\000h\000e\000s}{section.2.3}% 38
\BOOKMARK [2][-]{subsection.2.3.2}{\376\377\000A\000r\000c\000h\000i\000t\000e\000c\000t\000u\000r\000e\000\040\000d\000e\000\040\000d\000\351\000p\000l\000o\000i\000e\000m\000e\000n\000t}{section.2.3}% 39
\BOOKMARK [1][-]{section.2.4}{\376\377\000C\000o\000n\000c\000e\000p\000t\000i\000o\000n\000\040\000d\000e\000\040\000l\000a\000\040\000B\000a\000s\000e\000\040\000d\000e\000\040\000D\000o\000n\000n\000\351\000e\000s}{chapter.2}% 40
\BOOKMARK [2][-]{subsection.2.4.1}{\376\377\000M\000o\000d\000\350\000l\000e\000\040\000c\000o\000n\000c\000e\000p\000t\000u\000e\000l\000\040\000d\000e\000\040\000d\000o\000n\000n\000\351\000e\000s\000\040\000\050\000M\000C\000D\000\051}{section.2.4}% 41
\BOOKMARK [2][-]{subsection.2.4.2}{\376\377\000S\000c\000h\000\351\000m\000a\000\040\000r\000e\000l\000a\000t\000i\000o\000n\000n\000e\000l}{section.2.4}% 42
\BOOKMARK [2][-]{subsection.2.4.3}{\376\377\000D\000i\000c\000t\000i\000o\000n\000n\000a\000i\000r\000e\000\040\000d\000e\000\040\000d\000o\000n\000n\000\351\000e\000s}{section.2.4}% 43
\BOOKMARK [1][-]{section.2.5}{\376\377\000A\000r\000c\000h\000i\000t\000e\000c\000t\000u\000r\000e\000\040\000R\000\351\000s\000e\000a\000u\000\040\000M\000Q\000T\000T}{chapter.2}% 44
\BOOKMARK [2][-]{subsection.2.5.1}{\376\377\000P\000r\000i\000n\000c\000i\000p\000e\000\040\000d\000u\000\040\000p\000r\000o\000t\000o\000c\000o\000l\000e\000\040\000M\000Q\000T\000T}{section.2.5}% 45
\BOOKMARK [2][-]{subsection.2.5.2}{\376\377\000H\000i\000\351\000r\000a\000r\000c\000h\000i\000e\000\040\000d\000e\000s\000\040\000t\000o\000p\000i\000c\000s\000\040\000M\000Q\000T\000T}{section.2.5}% 46
\BOOKMARK [2][-]{subsection.2.5.3}{\376\377\000F\000o\000r\000m\000a\000t\000\040\000d\000e\000s\000\040\000m\000e\000s\000s\000a\000g\000e\000s\000\040\000M\000Q\000T\000T}{section.2.5}% 47
\BOOKMARK [2][-]{subsection.2.5.4}{\376\377\000Q\000u\000a\000l\000i\000t\000\351\000\040\000d\000e\000\040\000s\000e\000r\000v\000i\000c\000e\000\040\000\050\000Q\000o\000S\000\051}{section.2.5}% 48
\BOOKMARK [1][-]{section.2.6}{\376\377\000C\000h\000o\000i\000x\000\040\000T\000e\000c\000h\000n\000o\000l\000o\000g\000i\000q\000u\000e\000s\000\040\000e\000t\000\040\000J\000u\000s\000t\000i\000f\000i\000c\000a\000t\000i\000o\000n\000s}{chapter.2}% 49
\BOOKMARK [2][-]{subsection.2.6.1}{\376\377\000C\000r\000i\000t\000\350\000r\000e\000s\000\040\000d\000e\000\040\000s\000\351\000l\000e\000c\000t\000i\000o\000n\000\040\000d\000e\000s\000\040\000t\000e\000c\000h\000n\000o\000l\000o\000g\000i\000e\000s}{section.2.6}% 50
\BOOKMARK [2][-]{subsection.2.6.2}{\376\377\000J\000u\000s\000t\000i\000f\000i\000c\000a\000t\000i\000o\000n\000\040\000d\000e\000s\000\040\000c\000h\000o\000i\000x\000\040\000p\000a\000r\000\040\000c\000o\000m\000p\000o\000s\000a\000n\000t}{section.2.6}% 51
\BOOKMARK [2][-]{subsection.2.6.3}{\376\377\000A\000l\000t\000e\000r\000n\000a\000t\000i\000v\000e\000s\000\040\000c\000o\000n\000s\000i\000d\000\351\000r\000\351\000e\000s\000\040\000e\000t\000\040\000\351\000c\000a\000r\000t\000\351\000e\000s}{section.2.6}% 52
\BOOKMARK [0][-]{chapter.3}{\376\377\000I\000m\000p\000l\000\351\000m\000e\000n\000t\000a\000t\000i\000o\000n\000\040\000d\000u\000\040\000S\000y\000s\000t\000\350\000m\000e}{}% 53
\BOOKMARK [1][-]{section.3.1}{\376\377\000E\000n\000v\000i\000r\000o\000n\000n\000e\000m\000e\000n\000t\000\040\000d\000e\000\040\000D\000\351\000v\000e\000l\000o\000p\000p\000e\000m\000e\000n\000t}{chapter.3}% 54
\BOOKMARK [2][-]{subsection.3.1.1}{\376\377\000O\000u\000t\000i\000l\000s\000\040\000e\000t\000\040\000l\000o\000g\000i\000c\000i\000e\000l\000s}{section.3.1}% 55
\BOOKMARK [2][-]{subsection.3.1.2}{\376\377\000S\000t\000a\000c\000k\000\040\000t\000e\000c\000h\000n\000o\000l\000o\000g\000i\000q\000u\000e\000\040\000c\000o\000m\000p\000l\000\350\000t\000e}{section.3.1}% 56
\BOOKMARK [1][-]{section.3.2}{\376\377\000I\000m\000p\000l\000\351\000m\000e\000n\000t\000a\000t\000i\000o\000n\000\040\000d\000u\000\040\000M\000o\000d\000u\000l\000e\000\040\000E\000S\000P\0003\0002}{chapter.3}% 57
\BOOKMARK [2][-]{subsection.3.2.1}{\376\377\000C\000o\000n\000f\000i\000g\000u\000r\000a\000t\000i\000o\000n\000\040\000m\000a\000t\000\351\000r\000i\000e\000l\000l\000e\000\040\000e\000t\000\040\000c\000\342\000b\000l\000a\000g\000e}{section.3.2}% 58
\BOOKMARK [2][-]{subsection.3.2.2}{\376\377\000P\000r\000o\000g\000r\000a\000m\000m\000a\000t\000i\000o\000n\000\040\000E\000S\000P\0003\0002\000\040\000:\000\040\000C\000o\000n\000f\000i\000g\000u\000r\000a\000t\000i\000o\000n\000\040\000W\000i\000F\000i\000\040\000e\000t\000\040\000M\000Q\000T\000T}{section.3.2}% 59
\BOOKMARK [2][-]{subsection.3.2.3}{\376\377\000G\000e\000s\000t\000i\000o\000n\000\040\000d\000e\000s\000\040\000i\000n\000t\000e\000r\000r\000u\000p\000t\000i\000o\000n\000s\000\040\000e\000t\000\040\000p\000u\000b\000l\000i\000c\000a\000t\000i\000o\000n\000\040\000d\000'\000a\000l\000e\000r\000t\000e\000s}{section.3.2}% 60
\BOOKMARK [1][-]{section.3.3}{\376\377\000I\000m\000p\000l\000\351\000m\000e\000n\000t\000a\000t\000i\000o\000n\000\040\000d\000u\000\040\000B\000a\000c\000k\000e\000n\000d\000\040\000N\000o\000d\000e\000.\000j\000s}{chapter.3}% 61
\BOOKMARK [2][-]{subsection.3.3.1}{\376\377\000S\000t\000r\000u\000c\000t\000u\000r\000e\000\040\000d\000u\000\040\000p\000r\000o\000j\000e\000t\000\040\000b\000a\000c\000k\000e\000n\000d}{section.3.3}% 62
\BOOKMARK [2][-]{subsection.3.3.2}{\376\377\000C\000o\000n\000f\000i\000g\000u\000r\000a\000t\000i\000o\000n\000\040\000E\000x\000p\000r\000e\000s\000s\000\040\000e\000t\000\040\000S\000o\000c\000k\000e\000t\000.\000I\000O}{section.3.3}% 63
\BOOKMARK [2][-]{subsection.3.3.3}{\376\377\000A\000P\000I\000\040\000R\000E\000S\000T\000\040\000:\000\040\000E\000n\000d\000p\000o\000i\000n\000t\000s\000\040\000p\000r\000i\000n\000c\000i\000p\000a\000u\000x}{section.3.3}% 64
\BOOKMARK [2][-]{subsection.3.3.4}{\376\377\000M\000o\000d\000u\000l\000e\000\040\000M\000Q\000T\000T\000\040\000B\000r\000i\000d\000g\000e}{section.3.3}% 65
\BOOKMARK [1][-]{section.3.4}{\376\377\000I\000m\000p\000l\000\351\000m\000e\000n\000t\000a\000t\000i\000o\000n\000\040\000D\000a\000s\000h\000b\000o\000a\000r\000d\000\040\000W\000e\000b\000\040\000e\000t\000\040\000P\000W\000A}{chapter.3}% 66
\BOOKMARK [1][-]{section.3.5}{\376\377\000D\000\351\000p\000l\000o\000i\000e\000m\000e\000n\000t\000\040\000s\000u\000r\000\040\000R\000a\000i\000l\000w\000a\000y}{chapter.3}% 67
\BOOKMARK [0][-]{chapter.4}{\376\377\000T\000e\000s\000t\000s\000,\000\040\000V\000a\000l\000i\000d\000a\000t\000i\000o\000n\000\040\000e\000t\000\040\000R\000\351\000s\000u\000l\000t\000a\000t\000s}{}% 68
\BOOKMARK [1][-]{section.4.1}{\376\377\000S\000t\000r\000a\000t\000\351\000g\000i\000e\000\040\000e\000t\000\040\000M\000\351\000t\000h\000o\000d\000o\000l\000o\000g\000i\000e\000\040\000d\000e\000\040\000T\000e\000s\000t}{chapter.4}% 69
\BOOKMARK [2][-]{subsection.4.1.1}{\376\377\000N\000i\000v\000e\000a\000u\000x\000\040\000d\000e\000\040\000t\000e\000s\000t}{section.4.1}% 70
\BOOKMARK [2][-]{subsection.4.1.2}{\376\377\000E\000n\000v\000i\000r\000o\000n\000n\000e\000m\000e\000n\000t\000\040\000d\000e\000\040\000t\000e\000s\000t}{section.4.1}% 71
\BOOKMARK [1][-]{section.4.2}{\376\377\000T\000e\000s\000t\000s\000\040\000F\000o\000n\000c\000t\000i\000o\000n\000n\000e\000l\000s}{chapter.4}% 72
\BOOKMARK [2][-]{subsection.4.2.1}{\376\377\000V\000a\000l\000i\000d\000a\000t\000i\000o\000n\000\040\000d\000u\000\040\000c\000y\000c\000l\000e\000\040\000d\000e\000\040\000v\000i\000e\000\040\000c\000o\000m\000p\000l\000e\000t\000\040\000d\000e\000s\000\040\000p\000a\000n\000n\000e\000s}{section.4.2}% 73
\BOOKMARK [2][-]{subsection.4.2.2}{\376\377\000T\000e\000s\000t\000s\000\040\000d\000e\000s\000\040\000A\000P\000I\000\040\000R\000E\000S\000T}{section.4.2}% 74
\BOOKMARK [1][-]{section.4.3}{\376\377\000T\000e\000s\000t\000s\000\040\000d\000e\000\040\000P\000e\000r\000f\000o\000r\000m\000a\000n\000c\000e}{chapter.4}% 75
\BOOKMARK [2][-]{subsection.4.3.1}{\376\377\000L\000a\000t\000e\000n\000c\000e\000\040\000d\000e\000\040\000b\000o\000u\000t\000\040\000e\000n\000\040\000b\000o\000u\000t}{section.4.3}% 76
\BOOKMARK [2][-]{subsection.4.3.2}{\376\377\000T\000e\000s\000t\000s\000\040\000d\000e\000\040\000c\000h\000a\000r\000g\000e}{section.4.3}% 77
\BOOKMARK [1][-]{section.4.4}{\376\377\000V\000a\000l\000i\000d\000a\000t\000i\000o\000n\000\040\000s\000u\000r\000\040\000S\000i\000t\000e\000\040\000I\000n\000d\000u\000s\000t\000r\000i\000e\000l}{chapter.4}% 78
\BOOKMARK [1][-]{section.4.5}{\376\377\000A\000n\000a\000l\000y\000s\000e\000\040\000C\000r\000i\000t\000i\000q\000u\000e\000\040\000d\000e\000\040\000l\000a\000\040\000S\000o\000l\000u\000t\000i\000o\000n}{chapter.4}% 79
\BOOKMARK [2][-]{subsection.4.5.1}{\376\377\000F\000o\000r\000c\000e\000s\000\040\000d\000e\000\040\000l\000a\000\040\000s\000o\000l\000u\000t\000i\000o\000n\000\040\000d\000\351\000v\000e\000l\000o\000p\000p\000\351\000e}{section.4.5}% 80
\BOOKMARK [2][-]{subsection.4.5.2}{\376\377\000L\000i\000m\000i\000t\000e\000s\000\040\000i\000d\000e\000n\000t\000i\000f\000i\000\351\000e\000s}{section.4.5}% 81
\BOOKMARK [2][-]{subsection.4.5.3}{\376\377\000P\000e\000r\000s\000p\000e\000c\000t\000i\000v\000e\000s\000\040\000d\000'\000a\000m\000\351\000l\000i\000o\000r\000a\000t\000i\000o\000n}{section.4.5}% 82
\BOOKMARK [0][-]{chapter*.27}{\376\377\000C\000o\000n\000c\000l\000u\000s\000i\000o\000n\000\040\000G\000\351\000n\000\351\000r\000a\000l\000e}{}% 83
\BOOKMARK [0][-]{chapter*.28}{\376\377\000R\000\351\000f\000\351\000r\000e\000n\000c\000e\000s\000\040\000B\000i\000b\000l\000i\000o\000g\000r\000a\000p\000h\000i\000q\000u\000e\000s}{}% 84
\BOOKMARK [0][-]{appendix.A}{\376\377\000A\000n\000n\000e\000x\000e\000s}{}% 85
\BOOKMARK [1][-]{section.A.1}{\376\377\000A\000n\000n\000e\000x\000e\000\040\000A\000\040\000:\000\040\000C\000o\000d\000e\000\040\000S\000o\000u\000r\000c\000e\000\040\000C\000o\000m\000p\000l\000e\000t\000\040\000E\000S\000P\0003\0002}{appendix.A}% 86
\BOOKMARK [1][-]{section.A.2}{\376\377\000A\000n\000n\000e\000x\000e\000\040\000B\000\040\000:\000\040\000S\000c\000h\000\351\000m\000a\000\040\000B\000a\000s\000e\000\040\000d\000e\000\040\000D\000o\000n\000n\000\351\000e\000s\000\040\000P\000o\000s\000t\000g\000r\000e\000S\000Q\000L}{appendix.A}% 87
\BOOKMARK [1][-]{section.A.3}{\376\377\000A\000n\000n\000e\000x\000e\000\040\000C\000\040\000:\000\040\000C\000o\000n\000f\000i\000g\000u\000r\000a\000t\000i\000o\000n\000\040\000D\000\351\000p\000l\000o\000i\000e\000m\000e\000n\000t}{appendix.A}% 88
\BOOKMARK [2][-]{subsection.A.3.1}{\376\377\000F\000i\000c\000h\000i\000e\000r\000\040\000p\000a\000c\000k\000a\000g\000e\000.\000j\000s\000o\000n}{section.A.3}% 89
\BOOKMARK [2][-]{subsection.A.3.2}{\376\377\000V\000a\000r\000i\000a\000b\000l\000e\000s\000\040\000d\000'\000e\000n\000v\000i\000r\000o\000n\000n\000e\000m\000e\000n\000t\000\040\000R\000a\000i\000l\000w\000a\000y}{section.A.3}% 90
\BOOKMARK [1][-]{section.A.4}{\376\377\000A\000n\000n\000e\000x\000e\000\040\000D\000\040\000:\000\040\000R\000e\000q\000u\000\352\000t\000e\000s\000\040\000S\000Q\000L\000\040\000A\000v\000a\000n\000c\000\351\000e\000s}{appendix.A}% 91
\BOOKMARK [1][-]{section.A.5}{\376\377\000A\000n\000n\000e\000x\000e\000\040\000E\000\040\000:\000\040\000A\000r\000c\000h\000i\000t\000e\000c\000t\000u\000r\000e\000\040\000R\000\351\000s\000e\000a\000u}{appendix.A}% 92
\BOOKMARK [1][-]{section.A.6}{\376\377\000A\000n\000n\000e\000x\000e\000\040\000F\000\040\000:\000\040\000G\000l\000o\000s\000s\000a\000i\000r\000e\000\040\000T\000e\000c\000h\000n\000i\000q\000u\000e\000\040\000D\000\351\000t\000a\000i\000l\000l\000\351}{appendix.A}% 93
\BOOKMARK [1][-]{section.A.7}{\376\377\000A\000n\000n\000e\000x\000e\000\040\000G\000\040\000:\000\040\000R\000\351\000f\000\351\000r\000e\000n\000c\000e\000s\000\040\000e\000t\000\040\000R\000e\000s\000s\000o\000u\000r\000c\000e\000s}{appendix.A}% 94
