\BOOKMARK [0][-]{chapter*.1}{\376\377\000R\000e\000m\000e\000r\000c\000i\000e\000m\000e\000n\000t\000s}{}% 1
\BOOKMARK [0][-]{chapter*.2}{\376\377\000R\000\351\000s\000u\000m\000\351}{}% 2
\BOOKMARK [0][-]{chapter*.3}{\376\377\000A\000b\000s\000t\000r\000a\000c\000t}{}% 3
\BOOKMARK [0][-]{chapter*.3}{\376\377\000L\000i\000s\000t\000e\000\040\000d\000e\000s\000\040\000F\000i\000g\000u\000r\000e\000s}{}% 4
\BOOKMARK [0][-]{chapter*.3}{\376\377\000L\000i\000s\000t\000e\000\040\000d\000e\000s\000\040\000T\000a\000b\000l\000e\000a\000u\000x}{}% 5
\BOOKMARK [0][-]{chapter*.4}{\376\377\000L\000i\000s\000t\000e\000\040\000d\000e\000s\000\040\000A\000b\000r\000\351\000v\000i\000a\000t\000i\000o\000n\000s}{}% 6
\BOOKMARK [0][-]{chapter.1}{\376\377\000I\000n\000t\000r\000o\000d\000u\000c\000t\000i\000o\000n\000\040\000G\000\351\000n\000\351\000r\000a\000l\000e}{}% 7
\BOOKMARK [1][-]{section.1.1}{\376\377\000C\000o\000n\000t\000e\000x\000t\000e\000\040\000g\000\351\000n\000\351\000r\000a\000l}{chapter.1}% 8
\BOOKMARK [1][-]{section.1.2}{\376\377\000P\000r\000o\000b\000l\000\351\000m\000a\000t\000i\000q\000u\000e}{chapter.1}% 9
\BOOKMARK [1][-]{section.1.3}{\376\377\000O\000b\000j\000e\000c\000t\000i\000f\000s\000\040\000d\000u\000\040\000m\000\351\000m\000o\000i\000r\000e}{chapter.1}% 10
\BOOKMARK [1][-]{section.1.4}{\376\377\000M\000\351\000t\000h\000o\000d\000o\000l\000o\000g\000i\000e}{chapter.1}% 11
\BOOKMARK [1][-]{section.1.5}{\376\377\000O\000r\000g\000a\000n\000i\000s\000a\000t\000i\000o\000n\000\040\000d\000u\000\040\000m\000\351\000m\000o\000i\000r\000e}{chapter.1}% 12
\BOOKMARK [0][-]{chapter.2}{\376\377\000\311\000t\000a\000t\000\040\000d\000e\000\040\000l\000'\000a\000r\000t}{}% 13
\BOOKMARK [1][-]{section.2.1}{\376\377\000L\000e\000\040\000s\000y\000s\000t\000\350\000m\000e\000\040\000A\000n\000d\000o\000n}{chapter.2}% 14
\BOOKMARK [2][-]{subsection.2.1.1}{\376\377\000H\000i\000s\000t\000o\000r\000i\000q\000u\000e\000\040\000e\000t\000\040\000o\000r\000i\000g\000i\000n\000e\000s}{section.2.1}% 15
\BOOKMARK [2][-]{subsection.2.1.2}{\376\377\000P\000r\000i\000n\000c\000i\000p\000e\000s\000\040\000d\000e\000\040\000f\000o\000n\000c\000t\000i\000o\000n\000n\000e\000m\000e\000n\000t}{section.2.1}% 16
\BOOKMARK [2][-]{subsection.2.1.3}{\376\377\000L\000i\000m\000i\000t\000e\000s\000\040\000d\000u\000\040\000s\000y\000s\000t\000\350\000m\000e\000\040\000t\000r\000a\000d\000i\000t\000i\000o\000n\000n\000e\000l}{section.2.1}% 17
\BOOKMARK [1][-]{section.2.2}{\376\377\000L\000'\000I\000n\000t\000e\000r\000n\000e\000t\000\040\000I\000n\000d\000u\000s\000t\000r\000i\000e\000l\000\040\000d\000e\000s\000\040\000O\000b\000j\000e\000t\000s\000\040\000\050\000I\000I\000o\000T\000\051}{chapter.2}% 18
\BOOKMARK [2][-]{subsection.2.2.1}{\376\377\000D\000\351\000f\000i\000n\000i\000t\000i\000o\000n\000\040\000e\000t\000\040\000c\000o\000n\000c\000e\000p\000t\000s\000\040\000f\000o\000n\000d\000a\000m\000e\000n\000t\000a\000u\000x}{section.2.2}% 19
\BOOKMARK [2][-]{subsection.2.2.2}{\376\377\000A\000r\000c\000h\000i\000t\000e\000c\000t\000u\000r\000e\000\040\000d\000e\000\040\000r\000\351\000f\000\351\000r\000e\000n\000c\000e}{section.2.2}% 20
\BOOKMARK [2][-]{subsection.2.2.3}{\376\377\000A\000v\000a\000n\000t\000a\000g\000e\000s\000\040\000p\000o\000u\000r\000\040\000l\000'\000i\000n\000d\000u\000s\000t\000r\000i\000e}{section.2.2}% 21
\BOOKMARK [1][-]{section.2.3}{\376\377\000P\000r\000o\000t\000o\000c\000o\000l\000e\000s\000\040\000d\000e\000\040\000c\000o\000m\000m\000u\000n\000i\000c\000a\000t\000i\000o\000n\000\040\000I\000o\000T}{chapter.2}% 22
\BOOKMARK [2][-]{subsection.2.3.1}{\376\377\000M\000Q\000T\000T\000\040\000\050\000M\000e\000s\000s\000a\000g\000e\000\040\000Q\000u\000e\000u\000i\000n\000g\000\040\000T\000e\000l\000e\000m\000e\000t\000r\000y\000\040\000T\000r\000a\000n\000s\000p\000o\000r\000t\000\051}{section.2.3}% 23
\BOOKMARK [2][-]{subsection.2.3.2}{\376\377\000O\000P\000C\000\040\000U\000A\000\040\000\050\000O\000p\000e\000n\000\040\000P\000l\000a\000t\000f\000o\000r\000m\000\040\000C\000o\000m\000m\000u\000n\000i\000c\000a\000t\000i\000o\000n\000s\000\040\000U\000n\000i\000f\000i\000e\000d\000\040\000A\000r\000c\000h\000i\000t\000e\000c\000t\000u\000r\000e\000\051}{section.2.3}% 24
\BOOKMARK [2][-]{subsection.2.3.3}{\376\377\000A\000u\000t\000r\000e\000s\000\040\000p\000r\000o\000t\000o\000c\000o\000l\000e\000s}{section.2.3}% 25
\BOOKMARK [1][-]{section.2.4}{\376\377\000T\000e\000c\000h\000n\000o\000l\000o\000g\000i\000e\000s\000\040\000m\000a\000t\000\351\000r\000i\000e\000l\000l\000e\000s\000\040\000p\000o\000u\000r\000\040\000l\000'\000I\000I\000o\000T}{chapter.2}% 26
\BOOKMARK [2][-]{subsection.2.4.1}{\376\377\000M\000i\000c\000r\000o\000c\000o\000n\000t\000r\000\364\000l\000e\000u\000r\000s\000\040\000p\000o\000u\000r\000\040\000l\000'\000I\000o\000T}{section.2.4}% 27
\BOOKMARK [2][-]{subsection.2.4.2}{\376\377\000L\000'\000E\000S\000P\0003\0002\000\040\000:\000\040\000c\000h\000o\000i\000x\000\040\000p\000o\000u\000r\000\040\000n\000o\000t\000r\000e\000\040\000a\000p\000p\000l\000i\000c\000a\000t\000i\000o\000n}{section.2.4}% 28
\BOOKMARK [1][-]{section.2.5}{\376\377\000T\000e\000c\000h\000n\000o\000l\000o\000g\000i\000e\000s\000\040\000l\000o\000g\000i\000c\000i\000e\000l\000l\000e\000s}{chapter.2}% 29
\BOOKMARK [2][-]{subsection.2.5.1}{\376\377\000N\000o\000d\000e\000.\000j\000s\000\040\000e\000t\000\040\000E\000x\000p\000r\000e\000s\000s}{section.2.5}% 30
\BOOKMARK [2][-]{subsection.2.5.2}{\376\377\000P\000o\000s\000t\000g\000r\000e\000S\000Q\000L}{section.2.5}% 31
\BOOKMARK [2][-]{subsection.2.5.3}{\376\377\000A\000n\000g\000u\000l\000a\000r}{section.2.5}% 32
\BOOKMARK [1][-]{section.2.6}{\376\377\000T\000r\000a\000v\000a\000u\000x\000\040\000c\000o\000n\000n\000e\000x\000e\000s}{chapter.2}% 33
\BOOKMARK [2][-]{subsection.2.6.1}{\376\377\000S\000y\000s\000t\000\350\000m\000e\000s\000\040\000A\000n\000d\000o\000n\000\040\000c\000o\000n\000n\000e\000c\000t\000\351\000s}{section.2.6}% 34
\BOOKMARK [2][-]{subsection.2.6.2}{\376\377\000S\000o\000l\000u\000t\000i\000o\000n\000s\000\040\000c\000o\000m\000m\000e\000r\000c\000i\000a\000l\000e\000s}{section.2.6}% 35
\BOOKMARK [2][-]{subsection.2.6.3}{\376\377\000P\000o\000s\000i\000t\000i\000o\000n\000n\000e\000m\000e\000n\000t\000\040\000d\000e\000\040\000n\000o\000t\000r\000e\000\040\000t\000r\000a\000v\000a\000i\000l}{section.2.6}% 36
\BOOKMARK [1][-]{section.2.7}{\376\377\000S\000y\000n\000t\000h\000\350\000s\000e\000\040\000d\000u\000\040\000c\000h\000a\000p\000i\000t\000r\000e}{chapter.2}% 37
\BOOKMARK [0][-]{chapter.3}{\376\377\000C\000o\000n\000t\000e\000x\000t\000e\000\040\000d\000e\000\040\000l\000'\000e\000n\000t\000r\000e\000p\000r\000i\000s\000e}{}% 38
\BOOKMARK [1][-]{section.3.1}{\376\377\000P\000r\000\351\000s\000e\000n\000t\000a\000t\000i\000o\000n\000\040\000d\000e\000\040\000S\000E\000W\000S\000\040\000M\000a\000r\000o\000c}{chapter.3}% 39
\BOOKMARK [2][-]{subsection.3.1.1}{\376\377\000L\000e\000\040\000g\000r\000o\000u\000p\000e\000\040\000S\000E\000W\000S}{section.3.1}% 40
\BOOKMARK [2][-]{subsection.3.1.2}{\376\377\000S\000E\000W\000S\000\040\000M\000a\000r\000o\000c\000\040\000:\000\040\000c\000h\000i\000f\000f\000r\000e\000s\000\040\000c\000l\000\351\000s}{section.3.1}% 41
\BOOKMARK [1][-]{section.3.2}{\376\377\000O\000r\000g\000a\000n\000i\000s\000a\000t\000i\000o\000n\000\040\000d\000u\000\040\000d\000\351\000p\000a\000r\000t\000e\000m\000e\000n\000t\000\040\000M\000a\000i\000n\000t\000e\000n\000a\000n\000c\000e}{chapter.3}% 42
\BOOKMARK [2][-]{subsection.3.2.1}{\376\377\000S\000t\000r\000u\000c\000t\000u\000r\000e\000\040\000o\000r\000g\000a\000n\000i\000s\000a\000t\000i\000o\000n\000n\000e\000l\000l\000e}{section.3.2}% 43
\BOOKMARK [2][-]{subsection.3.2.2}{\376\377\000L\000e\000\040\000r\000\364\000l\000e\000\040\000d\000u\000\040\000t\000e\000c\000h\000n\000i\000c\000i\000e\000n\000\040\000d\000e\000\040\000m\000a\000i\000n\000t\000e\000n\000a\000n\000c\000e}{section.3.2}% 44
\BOOKMARK [1][-]{section.3.3}{\376\377\000L\000'\000a\000t\000e\000l\000i\000e\000r\000\040\000T\000e\000s\000t\000\040\000\311\000l\000e\000c\000t\000r\000i\000q\000u\000e}{chapter.3}% 45
\BOOKMARK [2][-]{subsection.3.3.1}{\376\377\000D\000e\000s\000c\000r\000i\000p\000t\000i\000o\000n\000\040\000d\000e\000\040\000l\000'\000a\000t\000e\000l\000i\000e\000r}{section.3.3}% 46
\BOOKMARK [2][-]{subsection.3.3.2}{\376\377\000P\000r\000o\000c\000e\000s\000s\000u\000s\000\040\000d\000e\000\040\000p\000r\000o\000d\000u\000c\000t\000i\000o\000n}{section.3.3}% 47
\BOOKMARK [2][-]{subsection.3.3.3}{\376\377\000P\000r\000o\000b\000l\000\350\000m\000e\000s\000\040\000r\000e\000n\000c\000o\000n\000t\000r\000\351\000s}{section.3.3}% 48
\BOOKMARK [1][-]{section.3.4}{\376\377\000B\000e\000s\000o\000i\000n\000s\000\040\000i\000d\000e\000n\000t\000i\000f\000i\000\351\000s}{chapter.3}% 49
\BOOKMARK [2][-]{subsection.3.4.1}{\376\377\000B\000e\000s\000o\000i\000n\000s\000\040\000f\000o\000n\000c\000t\000i\000o\000n\000n\000e\000l\000s}{section.3.4}% 50
\BOOKMARK [2][-]{subsection.3.4.2}{\376\377\000B\000e\000s\000o\000i\000n\000s\000\040\000t\000e\000c\000h\000n\000i\000q\000u\000e\000s}{section.3.4}% 51
\BOOKMARK [1][-]{section.3.5}{\376\377\000S\000y\000n\000t\000h\000\350\000s\000e\000\040\000d\000u\000\040\000c\000h\000a\000p\000i\000t\000r\000e}{chapter.3}% 52
\BOOKMARK [0][-]{chapter.4}{\376\377\000A\000n\000a\000l\000y\000s\000e\000\040\000d\000e\000s\000\040\000b\000e\000s\000o\000i\000n\000s}{}% 53
\BOOKMARK [1][-]{section.4.1}{\376\377\000M\000\351\000t\000h\000o\000d\000o\000l\000o\000g\000i\000e\000\040\000d\000'\000a\000n\000a\000l\000y\000s\000e}{chapter.4}% 54
\BOOKMARK [2][-]{subsection.4.1.1}{\376\377\000S\000o\000u\000r\000c\000e\000s\000\040\000d\000e\000\040\000b\000e\000s\000o\000i\000n\000s}{section.4.1}% 55
\BOOKMARK [2][-]{subsection.4.1.2}{\376\377\000A\000c\000t\000e\000u\000r\000s\000\040\000d\000u\000\040\000s\000y\000s\000t\000\350\000m\000e}{section.4.1}% 56
\BOOKMARK [1][-]{section.4.2}{\376\377\000B\000e\000s\000o\000i\000n\000\040\000f\000o\000n\000c\000t\000i\000o\000n\000n\000e\000l\000s}{chapter.4}% 57
\BOOKMARK [2][-]{subsection.4.2.1}{\376\377\000M\000o\000d\000u\000l\000e\000\040\000d\000e\000\040\000s\000i\000g\000n\000a\000l\000i\000s\000a\000t\000i\000o\000n\000\040\000\050\000c\000a\000p\000t\000e\000u\000r\000s\000\051}{section.4.2}% 58
\BOOKMARK [2][-]{subsection.4.2.2}{\376\377\000M\000o\000d\000u\000l\000e\000\040\000d\000e\000\040\000t\000r\000a\000i\000t\000e\000m\000e\000n\000t\000\040\000\050\000b\000a\000c\000k\000e\000n\000d\000\051}{section.4.2}% 59
\BOOKMARK [2][-]{subsection.4.2.3}{\376\377\000M\000o\000d\000u\000l\000e\000\040\000d\000e\000\040\000v\000i\000s\000u\000a\000l\000i\000s\000a\000t\000i\000o\000n\000\040\000\050\000f\000r\000o\000n\000t\000e\000n\000d\000\051}{section.4.2}% 60
\BOOKMARK [1][-]{section.4.3}{\376\377\000B\000e\000s\000o\000i\000n\000s\000\040\000n\000o\000n\000\040\000f\000o\000n\000c\000t\000i\000o\000n\000n\000e\000l\000s}{chapter.4}% 61
\BOOKMARK [2][-]{subsection.4.3.1}{\376\377\000P\000e\000r\000f\000o\000r\000m\000a\000n\000c\000e}{section.4.3}% 62
\BOOKMARK [2][-]{subsection.4.3.2}{\376\377\000F\000i\000a\000b\000i\000l\000i\000t\000\351}{section.4.3}% 63
\BOOKMARK [2][-]{subsection.4.3.3}{\376\377\000S\000\351\000c\000u\000r\000i\000t\000\351}{section.4.3}% 64
\BOOKMARK [2][-]{subsection.4.3.4}{\376\377\000M\000a\000i\000n\000t\000e\000n\000a\000b\000i\000l\000i\000t\000\351}{section.4.3}% 65
\BOOKMARK [1][-]{section.4.4}{\376\377\000M\000o\000d\000\350\000l\000i\000s\000a\000t\000i\000o\000n\000\040\000U\000M\000L}{chapter.4}% 66
\BOOKMARK [2][-]{subsection.4.4.1}{\376\377\000D\000i\000a\000g\000r\000a\000m\000m\000e\000\040\000d\000e\000\040\000c\000a\000s\000\040\000d\000'\000u\000t\000i\000l\000i\000s\000a\000t\000i\000o\000n}{section.4.4}% 67
\BOOKMARK [2][-]{subsection.4.4.2}{\376\377\000D\000i\000a\000g\000r\000a\000m\000m\000e\000\040\000d\000e\000\040\000s\000\351\000q\000u\000e\000n\000c\000e}{section.4.4}% 68
\BOOKMARK [1][-]{section.4.5}{\376\377\000S\000p\000\351\000c\000i\000f\000i\000c\000a\000t\000i\000o\000n\000s\000\040\000f\000o\000n\000c\000t\000i\000o\000n\000n\000e\000l\000l\000e\000s}{chapter.4}% 69
\BOOKMARK [2][-]{subsection.4.5.1}{\376\377\000M\000o\000d\000\350\000l\000e\000\040\000d\000e\000\040\000d\000o\000n\000n\000\351\000e\000s\000\040\000p\000r\000\351\000l\000i\000m\000i\000n\000a\000i\000r\000e}{section.4.5}% 70
\BOOKMARK [2][-]{subsection.4.5.2}{\376\377\000R\000\350\000g\000l\000e\000s\000\040\000d\000e\000\040\000g\000e\000s\000t\000i\000o\000n}{section.4.5}% 71
\BOOKMARK [1][-]{section.4.6}{\376\377\000S\000y\000n\000t\000h\000\350\000s\000e\000\040\000d\000u\000\040\000c\000h\000a\000p\000i\000t\000r\000e}{chapter.4}% 72
\BOOKMARK [0][-]{chapter.5}{\376\377\000C\000o\000n\000c\000e\000p\000t\000i\000o\000n\000\040\000d\000u\000\040\000s\000y\000s\000t\000\350\000m\000e}{}% 73
\BOOKMARK [1][-]{section.5.1}{\376\377\000A\000r\000c\000h\000i\000t\000e\000c\000t\000u\000r\000e\000\040\000g\000l\000o\000b\000a\000l\000e\000\040\000d\000u\000\040\000s\000y\000s\000t\000\350\000m\000e}{chapter.5}% 74
\BOOKMARK [2][-]{subsection.5.1.1}{\376\377\000V\000u\000e\000\040\000d\000'\000e\000n\000s\000e\000m\000b\000l\000e}{section.5.1}% 75
\BOOKMARK [2][-]{subsection.5.1.2}{\376\377\000D\000i\000a\000g\000r\000a\000m\000m\000e\000\040\000d\000e\000\040\000d\000\351\000p\000l\000o\000i\000e\000m\000e\000n\000t}{section.5.1}% 76
\BOOKMARK [1][-]{section.5.2}{\376\377\000A\000r\000c\000h\000i\000t\000e\000c\000t\000u\000r\000e\000\040\000d\000e\000\040\000l\000a\000\040\000c\000o\000u\000c\000h\000e\000\040\000p\000e\000r\000c\000e\000p\000t\000i\000o\000n}{chapter.5}% 77
\BOOKMARK [2][-]{subsection.5.2.1}{\376\377\000C\000h\000o\000i\000x\000\040\000d\000u\000\040\000m\000i\000c\000r\000o\000c\000o\000n\000t\000r\000\364\000l\000e\000u\000r}{section.5.2}% 78
\BOOKMARK [2][-]{subsection.5.2.2}{\376\377\000S\000c\000h\000\351\000m\000a\000\040\000d\000e\000\040\000c\000\342\000b\000l\000a\000g\000e}{section.5.2}% 79
\BOOKMARK [1][-]{section.5.3}{\376\377\000A\000r\000c\000h\000i\000t\000e\000c\000t\000u\000r\000e\000\040\000d\000e\000\040\000l\000a\000\040\000c\000o\000u\000c\000h\000e\000\040\000c\000o\000m\000m\000u\000n\000i\000c\000a\000t\000i\000o\000n}{chapter.5}% 80
\BOOKMARK [2][-]{subsection.5.3.1}{\376\377\000C\000h\000o\000i\000x\000\040\000d\000u\000\040\000p\000r\000o\000t\000o\000c\000o\000l\000e\000\040\000:\000\040\000M\000Q\000T\000T}{section.5.3}% 81
\BOOKMARK [2][-]{subsection.5.3.2}{\376\377\000A\000r\000c\000h\000i\000t\000e\000c\000t\000u\000r\000e\000\040\000d\000u\000\040\000b\000r\000o\000k\000e\000r\000\040\000M\000Q\000T\000T}{section.5.3}% 82
\BOOKMARK [2][-]{subsection.5.3.3}{\376\377\000S\000t\000r\000u\000c\000t\000u\000r\000e\000\040\000d\000e\000s\000\040\000t\000o\000p\000i\000c\000s}{section.5.3}% 83
\BOOKMARK [1][-]{section.5.4}{\376\377\000A\000r\000c\000h\000i\000t\000e\000c\000t\000u\000r\000e\000\040\000d\000e\000\040\000l\000a\000\040\000c\000o\000u\000c\000h\000e\000\040\000t\000r\000a\000i\000t\000e\000m\000e\000n\000t}{chapter.5}% 84
\BOOKMARK [2][-]{subsection.5.4.1}{\376\377\000S\000e\000r\000v\000e\000u\000r\000\040\000b\000a\000c\000k\000e\000n\000d\000\040\000:\000\040\000N\000o\000d\000e\000.\000j\000s\000\040\000+\000\040\000E\000x\000p\000r\000e\000s\000s}{section.5.4}% 85
\BOOKMARK [2][-]{subsection.5.4.2}{\376\377\000B\000a\000s\000e\000\040\000d\000e\000\040\000d\000o\000n\000n\000\351\000e\000s\000\040\000:\000\040\000P\000o\000s\000t\000g\000r\000e\000S\000Q\000L}{section.5.4}% 86
\BOOKMARK [1][-]{section.5.5}{\376\377\000A\000r\000c\000h\000i\000t\000e\000c\000t\000u\000r\000e\000\040\000d\000e\000\040\000l\000a\000\040\000c\000o\000u\000c\000h\000e\000\040\000p\000r\000\351\000s\000e\000n\000t\000a\000t\000i\000o\000n}{chapter.5}% 87
\BOOKMARK [2][-]{subsection.5.5.1}{\376\377\000F\000r\000o\000n\000t\000e\000n\000d\000\040\000w\000e\000b\000\040\000:\000\040\000A\000n\000g\000u\000l\000a\000r}{section.5.5}% 88
\BOOKMARK [2][-]{subsection.5.5.2}{\376\377\000D\000i\000a\000g\000r\000a\000m\000m\000e\000\040\000d\000e\000s\000\040\000c\000o\000m\000p\000o\000s\000a\000n\000t\000s}{section.5.5}% 89
\BOOKMARK [1][-]{section.5.6}{\376\377\000F\000l\000u\000x\000\040\000d\000e\000\040\000d\000o\000n\000n\000\351\000e\000s}{chapter.5}% 90
\BOOKMARK [2][-]{subsection.5.6.1}{\376\377\000F\000l\000u\000x\000\040\000d\000'\000u\000n\000\040\000\351\000v\000\351\000n\000e\000m\000e\000n\000t\000\040\000A\000n\000d\000o\000n}{section.5.6}% 91
\BOOKMARK [2][-]{subsection.5.6.2}{\376\377\000F\000l\000u\000x\000\040\000d\000e\000\040\000r\000\351\000s\000o\000l\000u\000t\000i\000o\000n}{section.5.6}% 92
\BOOKMARK [1][-]{section.5.7}{\376\377\000C\000h\000o\000i\000x\000\040\000d\000'\000a\000r\000c\000h\000i\000t\000e\000c\000t\000u\000r\000e\000\040\000:\000\040\000m\000i\000c\000r\000o\000s\000e\000r\000v\000i\000c\000e\000s\000\040\000v\000s\000\040\000m\000o\000n\000o\000l\000i\000t\000h\000i\000q\000u\000e}{chapter.5}% 93
\BOOKMARK [2][-]{subsection.5.7.1}{\376\377\000J\000u\000s\000t\000i\000f\000i\000c\000a\000t\000i\000o\000n\000\040\000d\000u\000\040\000c\000h\000o\000i\000x\000\040\000m\000o\000n\000o\000l\000i\000t\000h\000i\000q\000u\000e}{section.5.7}% 94
\BOOKMARK [2][-]{subsection.5.7.2}{\376\377\000P\000e\000r\000s\000p\000e\000c\000t\000i\000v\000e\000s\000\040\000d\000'\000\351\000v\000o\000l\000u\000t\000i\000o\000n\000\040\000v\000e\000r\000s\000\040\000l\000e\000s\000\040\000m\000i\000c\000r\000o\000s\000e\000r\000v\000i\000c\000e\000s}{section.5.7}% 95
\BOOKMARK [1][-]{section.5.8}{\376\377\000S\000y\000n\000t\000h\000\350\000s\000e\000\040\000d\000u\000\040\000c\000h\000a\000p\000i\000t\000r\000e}{chapter.5}% 96
\BOOKMARK [0][-]{chapter.6}{\376\377\000A\000r\000c\000h\000i\000t\000e\000c\000t\000u\000r\000e\000\040\000m\000a\000t\000\351\000r\000i\000e\000l\000l\000e}{}% 97
\BOOKMARK [1][-]{section.6.1}{\376\377\000L\000e\000\040\000n\001\123\000u\000d\000\040\000A\000n\000d\000o\000n\000\040\000E\000S\000P\0003\0002}{chapter.6}% 98
\BOOKMARK [2][-]{subsection.6.1.1}{\376\377\000C\000h\000o\000i\000x\000\040\000d\000u\000\040\000m\000i\000c\000r\000o\000c\000o\000n\000t\000r\000\364\000l\000e\000u\000r}{section.6.1}% 99
\BOOKMARK [2][-]{subsection.6.1.2}{\376\377\000C\000o\000m\000p\000o\000s\000a\000n\000t\000s\000\040\000d\000u\000\040\000n\001\123\000u\000d}{section.6.1}% 100
\BOOKMARK [2][-]{subsection.6.1.3}{\376\377\000S\000c\000h\000\351\000m\000a\000\040\000d\000e\000\040\000c\000\342\000b\000l\000a\000g\000e}{section.6.1}% 101
\BOOKMARK [2][-]{subsection.6.1.4}{\376\377\000F\000o\000n\000c\000t\000i\000o\000n\000n\000e\000m\000e\000n\000t\000\040\000d\000u\000\040\000c\000i\000r\000c\000u\000i\000t}{section.6.1}% 102
\BOOKMARK [1][-]{section.6.2}{\376\377\000I\000n\000f\000r\000a\000s\000t\000r\000u\000c\000t\000u\000r\000e\000\040\000r\000\351\000s\000e\000a\000u}{chapter.6}% 103
\BOOKMARK [2][-]{subsection.6.2.1}{\376\377\000R\000\351\000s\000e\000a\000u\000\040\000W\000i\000-\000F\000i}{section.6.2}% 104
\BOOKMARK [2][-]{subsection.6.2.2}{\376\377\000R\000\351\000s\000e\000a\000u\000\040\000f\000i\000l\000a\000i\000r\000e}{section.6.2}% 105
\BOOKMARK [1][-]{section.6.3}{\376\377\000A\000l\000i\000m\000e\000n\000t\000a\000t\000i\000o\000n\000\040\000e\000t\000\040\000f\000i\000a\000b\000i\000l\000i\000t\000\351}{chapter.6}% 106
\BOOKMARK [2][-]{subsection.6.3.1}{\376\377\000A\000l\000i\000m\000e\000n\000t\000a\000t\000i\000o\000n\000\040\000d\000e\000s\000\040\000n\001\123\000u\000d\000s}{section.6.3}% 107
\BOOKMARK [2][-]{subsection.6.3.2}{\376\377\000R\000o\000b\000u\000s\000t\000e\000s\000s\000e\000\040\000i\000n\000d\000u\000s\000t\000r\000i\000e\000l\000l\000e}{section.6.3}% 108
\BOOKMARK [1][-]{section.6.4}{\376\377\000D\000i\000m\000e\000n\000s\000i\000o\000n\000n\000e\000m\000e\000n\000t\000\040\000d\000u\000\040\000s\000y\000s\000t\000\350\000m\000e}{chapter.6}% 109
\BOOKMARK [2][-]{subsection.6.4.1}{\376\377\000N\000o\000m\000b\000r\000e\000\040\000d\000e\000\040\000n\001\123\000u\000d\000s}{section.6.4}% 110
\BOOKMARK [1][-]{section.6.5}{\376\377\000S\000y\000n\000t\000h\000\350\000s\000e\000\040\000d\000u\000\040\000c\000h\000a\000p\000i\000t\000r\000e}{chapter.6}% 111
\BOOKMARK [0][-]{chapter.7}{\376\377\000A\000r\000c\000h\000i\000t\000e\000c\000t\000u\000r\000e\000\040\000l\000o\000g\000i\000c\000i\000e\000l\000l\000e}{}% 112
\BOOKMARK [1][-]{section.7.1}{\376\377\000O\000r\000g\000a\000n\000i\000s\000a\000t\000i\000o\000n\000\040\000g\000l\000o\000b\000a\000l\000e\000\040\000d\000u\000\040\000c\000o\000d\000e}{chapter.7}% 113
\BOOKMARK [1][-]{section.7.2}{\376\377\000L\000e\000\040\000s\000e\000r\000v\000e\000u\000r\000\040\000b\000a\000c\000k\000e\000n\000d}{chapter.7}% 114
\BOOKMARK [2][-]{subsection.7.2.1}{\376\377\000P\000o\000i\000n\000t\000\040\000d\000'\000e\000n\000t\000r\000\351\000e\000\040\000:\000\040\000s\000e\000r\000v\000e\000r\000.\000j\000s}{section.7.2}% 115
\BOOKMARK [2][-]{subsection.7.2.2}{\376\377\000S\000t\000r\000u\000c\000t\000u\000r\000e\000\040\000m\000o\000d\000u\000l\000a\000i\000r\000e}{section.7.2}% 116
\BOOKMARK [2][-]{subsection.7.2.3}{\376\377\000C\000o\000n\000n\000e\000x\000i\000o\000n\000\040\000M\000Q\000T\000T}{section.7.2}% 117
\BOOKMARK [2][-]{subsection.7.2.4}{\376\377\000D\000i\000f\000f\000u\000s\000i\000o\000n\000\040\000S\000o\000c\000k\000e\000t\000.\000I\000O}{section.7.2}% 118
\BOOKMARK [2][-]{subsection.7.2.5}{\376\377\000A\000P\000I\000\040\000R\000E\000S\000T}{section.7.2}% 119
\BOOKMARK [1][-]{section.7.3}{\376\377\000L\000'\000a\000p\000p\000l\000i\000c\000a\000t\000i\000o\000n\000\040\000f\000r\000o\000n\000t\000e\000n\000d\000\040\000A\000n\000g\000u\000l\000a\000r}{chapter.7}% 120
\BOOKMARK [2][-]{subsection.7.3.1}{\376\377\000M\000o\000d\000u\000l\000e\000s\000\040\000f\000o\000n\000c\000t\000i\000o\000n\000n\000e\000l\000s}{section.7.3}% 121
\BOOKMARK [2][-]{subsection.7.3.2}{\376\377\000S\000e\000r\000v\000i\000c\000e\000s\000\040\000A\000n\000g\000u\000l\000a\000r}{section.7.3}% 122
\BOOKMARK [2][-]{subsection.7.3.3}{\376\377\000R\000o\000u\000t\000i\000n\000g}{section.7.3}% 123
\BOOKMARK [1][-]{section.7.4}{\376\377\000I\000n\000t\000\351\000-\000g\000r\000a\000t\000i\000o\000n\000\040\000d\000e\000s\000\040\000c\000o\000m\000p\000o\000s\000a\000n\000t\000s}{chapter.7}% 124
\BOOKMARK [2][-]{subsection.7.4.1}{\376\377\000F\000l\000u\000x\000\040\000d\000e\000\040\000c\000o\000m\000m\000u\000n\000i\000c\000a\000t\000i\000o\000n}{section.7.4}% 125
\BOOKMARK [2][-]{subsection.7.4.2}{\376\377\000S\000\351\000c\000u\000r\000i\000t\000\351}{section.7.4}% 126
\BOOKMARK [1][-]{section.7.5}{\376\377\000S\000y\000n\000t\000h\000\350\000s\000e\000\040\000d\000u\000\040\000c\000h\000a\000p\000i\000t\000r\000e}{chapter.7}% 127
\BOOKMARK [0][-]{chapter.8}{\376\377\000C\000o\000n\000c\000e\000p\000t\000i\000o\000n\000\040\000d\000e\000\040\000l\000a\000\040\000b\000a\000s\000e\000\040\000d\000e\000\040\000d\000o\000n\000n\000\351\000e\000s}{}% 128
\BOOKMARK [1][-]{section.8.1}{\376\377\000M\000\351\000t\000h\000o\000d\000o\000l\000o\000g\000i\000e\000\040\000d\000e\000\040\000c\000o\000n\000c\000e\000p\000t\000i\000o\000n}{chapter.8}% 129
\BOOKMARK [2][-]{subsection.8.1.1}{\376\377\000A\000p\000p\000r\000o\000c\000h\000e\000\040\000a\000d\000o\000p\000t\000\351\000e}{section.8.1}% 130
\BOOKMARK [2][-]{subsection.8.1.2}{\376\377\000E\000n\000t\000i\000t\000\351\000s\000\040\000p\000r\000i\000n\000c\000i\000p\000a\000l\000e\000s}{section.8.1}% 131
\BOOKMARK [1][-]{section.8.2}{\376\377\000M\000o\000d\000\350\000l\000e\000\040\000E\000n\000t\000i\000t\000\351\000-\000A\000s\000s\000o\000c\000i\000a\000t\000i\000o\000n}{chapter.8}% 132
\BOOKMARK [2][-]{subsection.8.2.1}{\376\377\000D\000i\000a\000g\000r\000a\000m\000m\000e\000\040\000E\000A}{section.8.2}% 133
\BOOKMARK [2][-]{subsection.8.2.2}{\376\377\000D\000\351\000f\000i\000n\000i\000t\000i\000o\000n\000\040\000d\000e\000s\000\040\000a\000t\000t\000r\000i\000b\000u\000t\000s}{section.8.2}% 134
\BOOKMARK [1][-]{section.8.3}{\376\377\000M\000o\000d\000\350\000l\000e\000\040\000r\000e\000l\000a\000t\000i\000o\000n\000n\000e\000l}{chapter.8}% 135
\BOOKMARK [2][-]{subsection.8.3.1}{\376\377\000S\000c\000h\000\351\000m\000a\000\040\000r\000e\000l\000a\000t\000i\000o\000n\000n\000e\000l}{section.8.3}% 136
\BOOKMARK [2][-]{subsection.8.3.2}{\376\377\000R\000\350\000g\000l\000e\000s\000\040\000d\000'\000i\000n\000t\000\351\000g\000r\000i\000t\000\351}{section.8.3}% 137
\BOOKMARK [1][-]{section.8.4}{\376\377\000I\000m\000p\000l\000\351\000m\000e\000n\000t\000a\000t\000i\000o\000n\000\040\000S\000Q\000L}{chapter.8}% 138
\BOOKMARK [2][-]{subsection.8.4.1}{\376\377\000C\000r\000\351\000a\000t\000i\000o\000n\000\040\000d\000e\000s\000\040\000t\000a\000b\000l\000e\000s}{section.8.4}% 139
\BOOKMARK [2][-]{subsection.8.4.2}{\376\377\000I\000n\000d\000e\000x\000\040\000d\000e\000\040\000p\000e\000r\000f\000o\000r\000m\000a\000n\000c\000e}{section.8.4}% 140
\BOOKMARK [2][-]{subsection.8.4.3}{\376\377\000D\000o\000n\000n\000\351\000e\000s\000\040\000d\000e\000\040\000t\000e\000s\000t}{section.8.4}% 141
\BOOKMARK [1][-]{section.8.5}{\376\377\000G\000e\000s\000t\000i\000o\000n\000\040\000d\000e\000s\000\040\000v\000o\000l\000u\000m\000e\000s\000\040\000d\000e\000\040\000d\000o\000n\000n\000\351\000e\000s}{chapter.8}% 142
\BOOKMARK [2][-]{subsection.8.5.1}{\376\377\000S\000t\000r\000a\000t\000\351\000g\000i\000e\000\040\000d\000e\000\040\000r\000\351\000t\000e\000n\000t\000i\000o\000n}{section.8.5}% 143
\BOOKMARK [2][-]{subsection.8.5.2}{\376\377\000P\000a\000r\000t\000i\000t\000i\000o\000n\000n\000e\000m\000e\000n\000t\000\040\000t\000e\000m\000p\000o\000r\000e\000l}{section.8.5}% 144
\BOOKMARK [1][-]{section.8.6}{\376\377\000S\000y\000n\000t\000h\000\350\000s\000e\000\040\000d\000u\000\040\000c\000h\000a\000p\000i\000t\000r\000e}{chapter.8}% 145
\BOOKMARK [0][-]{chapter.9}{\376\377\000A\000r\000c\000h\000i\000t\000e\000c\000t\000u\000r\000e\000\040\000d\000e\000\040\000c\000o\000m\000m\000u\000n\000i\000c\000a\000t\000i\000o\000n}{}% 146
\BOOKMARK [1][-]{section.9.1}{\376\377\000P\000r\000o\000t\000o\000c\000o\000l\000e\000s\000\040\000d\000e\000\040\000c\000o\000m\000m\000u\000n\000i\000c\000a\000t\000i\000o\000n\000\040\000u\000t\000i\000l\000i\000s\000\351\000s}{chapter.9}% 147
\BOOKMARK [2][-]{subsection.9.1.1}{\376\377\000M\000Q\000T\000T\000\040\000:\000\040\000p\000r\000o\000t\000o\000c\000o\000l\000e\000\040\000p\000r\000i\000n\000c\000i\000p\000a\000l}{section.9.1}% 148
\BOOKMARK [2][-]{subsection.9.1.2}{\376\377\000H\000T\000T\000P\000/\000H\000T\000T\000P\000S\000\040\000:\000\040\000A\000P\000I\000\040\000R\000E\000S\000T}{section.9.1}% 149
\BOOKMARK [2][-]{subsection.9.1.3}{\376\377\000W\000e\000b\000S\000o\000c\000k\000e\000t\000\040\000\050\000S\000o\000c\000k\000e\000t\000.\000I\000O\000\051}{section.9.1}% 150
\BOOKMARK [1][-]{section.9.2}{\376\377\000S\000t\000r\000u\000c\000t\000u\000r\000e\000\040\000d\000e\000s\000\040\000t\000o\000p\000i\000c\000s\000\040\000M\000Q\000T\000T}{chapter.9}% 151
\BOOKMARK [2][-]{subsection.9.2.1}{\376\377\000H\000i\000e\000r\000a\000r\000c\000h\000i\000e\000\040\000d\000e\000s\000\040\000t\000o\000p\000i\000c\000s}{section.9.2}% 152
\BOOKMARK [2][-]{subsection.9.2.2}{\376\377\000F\000o\000r\000m\000a\000t\000\040\000d\000e\000s\000\040\000m\000e\000s\000s\000a\000g\000e\000s}{section.9.2}% 153
\BOOKMARK [1][-]{section.9.3}{\376\377\000F\000l\000u\000x\000\040\000d\000e\000\040\000d\000o\000n\000n\000\351\000e\000s\000\040\000d\000\351\000t\000a\000i\000l\000l\000\351}{chapter.9}% 154
\BOOKMARK [2][-]{subsection.9.3.1}{\376\377\000F\000l\000u\000x\000\040\000d\000'\000u\000n\000\040\000\351\000v\000\351\000n\000e\000m\000e\000n\000t\000\040\000A\000n\000d\000o\000n}{section.9.3}% 155
\BOOKMARK [2][-]{subsection.9.3.2}{\376\377\000F\000l\000u\000x\000\040\000d\000e\000\040\000r\000\351\000s\000o\000l\000u\000t\000i\000o\000n}{section.9.3}% 156
\BOOKMARK [1][-]{section.9.4}{\376\377\000G\000e\000s\000t\000i\000o\000n\000\040\000d\000e\000\040\000l\000a\000\040\000s\000\351\000c\000u\000r\000i\000t\000\351\000\040\000d\000e\000s\000\040\000c\000o\000m\000m\000u\000n\000i\000c\000a\000t\000i\000o\000n\000s}{chapter.9}% 157
\BOOKMARK [2][-]{subsection.9.4.1}{\376\377\000S\000\351\000c\000u\000r\000i\000t\000\351\000\040\000M\000Q\000T\000T}{section.9.4}% 158
\BOOKMARK [2][-]{subsection.9.4.2}{\376\377\000S\000\351\000c\000u\000r\000i\000t\000\351\000\040\000H\000T\000T\000P}{section.9.4}% 159
\BOOKMARK [1][-]{section.9.5}{\376\377\000G\000e\000s\000t\000i\000o\000n\000\040\000d\000e\000s\000\040\000e\000r\000r\000e\000u\000r\000s\000\040\000e\000t\000\040\000t\000o\000l\000\351\000r\000a\000n\000c\000e\000\040\000a\000u\000x\000\040\000p\000a\000n\000n\000e\000s}{chapter.9}% 160
\BOOKMARK [2][-]{subsection.9.5.1}{\376\377\000S\000t\000r\000a\000t\000\351\000g\000i\000e\000\040\000d\000e\000\040\000r\000e\000c\000o\000n\000n\000e\000x\000i\000o\000n}{section.9.5}% 161
\BOOKMARK [2][-]{subsection.9.5.2}{\376\377\000P\000e\000r\000s\000i\000s\000t\000e\000n\000c\000e\000\040\000d\000e\000s\000\040\000d\000o\000n\000n\000\351\000e\000s}{section.9.5}% 162
\BOOKMARK [1][-]{section.9.6}{\376\377\000S\000y\000n\000t\000h\000\350\000s\000e\000\040\000d\000u\000\040\000c\000h\000a\000p\000i\000t\000r\000e}{chapter.9}% 163
\BOOKMARK [0][-]{chapter.10}{\376\377\000I\000m\000p\000l\000\351\000m\000e\000n\000t\000a\000t\000i\000o\000n\000\040\000d\000u\000\040\000s\000y\000s\000t\000\350\000m\000e}{}% 164
\BOOKMARK [1][-]{section.10.1}{\376\377\000E\000n\000v\000i\000r\000o\000n\000n\000e\000m\000e\000n\000t\000\040\000d\000e\000\040\000d\000\351\000v\000e\000l\000o\000p\000p\000e\000m\000e\000n\000t}{chapter.10}% 165
\BOOKMARK [2][-]{subsection.10.1.1}{\376\377\000O\000u\000t\000i\000l\000s\000\040\000u\000t\000i\000l\000i\000s\000\351\000s}{section.10.1}% 166
\BOOKMARK [2][-]{subsection.10.1.2}{\376\377\000I\000n\000s\000t\000a\000l\000l\000a\000t\000i\000o\000n\000\040\000d\000e\000s\000\040\000d\000\351\000-\000p\000e\000n\000d\000a\000n\000c\000e\000s}{section.10.1}% 167
\BOOKMARK [1][-]{section.10.2}{\376\377\000M\000i\000s\000e\000\040\000e\000n\000\040\000p\000l\000a\000c\000e\000\040\000d\000e\000\040\000l\000'\000i\000n\000f\000r\000a\000s\000t\000r\000u\000c\000t\000u\000r\000e}{chapter.10}% 168
\BOOKMARK [2][-]{subsection.10.2.1}{\376\377\000I\000n\000s\000t\000a\000l\000l\000a\000t\000i\000o\000n\000\040\000d\000e\000\040\000P\000o\000s\000t\000g\000r\000e\000S\000Q\000L}{section.10.2}% 169
\BOOKMARK [2][-]{subsection.10.2.2}{\376\377\000C\000o\000n\000f\000i\000g\000u\000r\000a\000t\000i\000o\000n\000\040\000d\000e\000\040\000M\000o\000s\000q\000u\000i\000t\000t\000o}{section.10.2}% 170
\BOOKMARK [1][-]{section.10.3}{\376\377\000D\000\351\000v\000e\000l\000o\000p\000p\000e\000m\000e\000n\000t\000\040\000d\000u\000\040\000f\000i\000r\000m\000w\000a\000r\000e\000\040\000E\000S\000P\0003\0002}{chapter.10}% 171
\BOOKMARK [2][-]{subsection.10.3.1}{\376\377\000P\000r\000o\000g\000r\000a\000m\000m\000e\000\040\000p\000r\000i\000n\000c\000i\000p\000a\000l}{section.10.3}% 172
\BOOKMARK [2][-]{subsection.10.3.2}{\376\377\000F\000o\000n\000c\000t\000i\000o\000n\000\040\000d\000'\000e\000n\000v\000o\000i\000\040\000d\000'\000a\000l\000e\000r\000t\000e}{section.10.3}% 173
\BOOKMARK [1][-]{section.10.4}{\376\377\000D\000\351\000v\000e\000l\000o\000p\000p\000e\000m\000e\000n\000t\000\040\000d\000u\000\040\000s\000e\000r\000v\000e\000u\000r\000\040\000b\000a\000c\000k\000e\000n\000d}{chapter.10}% 174
\BOOKMARK [2][-]{subsection.10.4.1}{\376\377\000S\000t\000r\000u\000c\000t\000u\000r\000e\000\040\000d\000u\000\040\000p\000r\000o\000j\000e\000t}{section.10.4}% 175
\BOOKMARK [2][-]{subsection.10.4.2}{\376\377\000D\000\351\000m\000a\000r\000r\000a\000g\000e\000\040\000d\000u\000\040\000s\000e\000r\000v\000e\000u\000r}{section.10.4}% 176
\BOOKMARK [1][-]{section.10.5}{\376\377\000D\000\351\000v\000e\000l\000o\000p\000p\000e\000m\000e\000n\000t\000\040\000d\000u\000\040\000f\000r\000o\000n\000t\000e\000n\000d\000\040\000A\000n\000g\000u\000l\000a\000r}{chapter.10}% 177
\BOOKMARK [2][-]{subsection.10.5.1}{\376\377\000S\000t\000r\000u\000c\000t\000u\000r\000e\000\040\000d\000u\000\040\000p\000r\000o\000j\000e\000t}{section.10.5}% 178
\BOOKMARK [1][-]{section.10.6}{\376\377\000T\000e\000s\000t\000s\000\040\000e\000t\000\040\000v\000a\000l\000i\000d\000a\000t\000i\000o\000n}{chapter.10}% 179
\BOOKMARK [2][-]{subsection.10.6.1}{\376\377\000T\000e\000s\000t\000s\000\040\000u\000n\000i\000t\000a\000i\000r\000e\000s}{section.10.6}% 180
\BOOKMARK [2][-]{subsection.10.6.2}{\376\377\000T\000e\000s\000t\000s\000\040\000d\000'\000i\000n\000t\000\351\000-\000g\000r\000a\000t\000i\000o\000n}{section.10.6}% 181
\BOOKMARK [1][-]{section.10.7}{\376\377\000S\000y\000n\000t\000h\000\350\000s\000e\000\040\000d\000u\000\040\000c\000h\000a\000p\000i\000t\000r\000e}{chapter.10}% 182
\BOOKMARK [0][-]{chapter.11}{\376\377\000I\000m\000p\000l\000\351\000m\000e\000n\000t\000a\000t\000i\000o\000n\000\040\000d\000u\000\040\000b\000a\000c\000k\000e\000n\000d}{}% 183
\BOOKMARK [1][-]{section.11.1}{\376\377\000P\000o\000i\000n\000t\000\040\000d\000'\000e\000n\000t\000r\000\351\000e\000\040\000:\000\040\000s\000e\000r\000v\000e\000r\000.\000j\000s}{chapter.11}% 184
\BOOKMARK [2][-]{subsection.11.1.1}{\376\377\000I\000n\000i\000t\000i\000a\000l\000i\000s\000a\000t\000i\000o\000n\000\040\000d\000u\000\040\000s\000e\000r\000v\000e\000u\000r}{section.11.1}% 185
\BOOKMARK [2][-]{subsection.11.1.2}{\376\377\000C\000o\000n\000n\000e\000x\000i\000o\000n\000\040\000M\000Q\000T\000T\000\040\000e\000t\000\040\000g\000e\000s\000t\000i\000o\000n\000\040\000d\000e\000s\000\040\000m\000e\000s\000s\000a\000g\000e\000s}{section.11.1}% 186
\BOOKMARK [2][-]{subsection.11.1.3}{\376\377\000T\000r\000a\000i\000t\000e\000m\000e\000n\000t\000\040\000d\000e\000s\000\040\000a\000l\000e\000r\000t\000e\000s\000\040\000A\000n\000d\000o\000n}{section.11.1}% 187
\BOOKMARK [1][-]{section.11.2}{\376\377\000M\000i\000d\000d\000l\000e\000w\000a\000r\000e\000\040\000d\000'\000a\000u\000t\000h\000e\000n\000t\000i\000f\000i\000c\000a\000t\000i\000o\000n}{chapter.11}% 188
\BOOKMARK [2][-]{subsection.11.2.1}{\376\377\000G\000\351\000n\000\351\000r\000a\000t\000i\000o\000n\000\040\000e\000t\000\040\000v\000a\000l\000i\000d\000a\000t\000i\000o\000n\000\040\000d\000e\000s\000\040\000t\000o\000k\000e\000n\000s\000\040\000J\000W\000T}{section.11.2}% 189
\BOOKMARK [1][-]{section.11.3}{\376\377\000R\000o\000u\000t\000e\000s\000\040\000A\000P\000I}{chapter.11}% 190
\BOOKMARK [2][-]{subsection.11.3.1}{\376\377\000R\000o\000u\000t\000e\000\040\000d\000'\000a\000u\000t\000h\000e\000n\000t\000i\000f\000i\000c\000a\000t\000i\000o\000n}{section.11.3}% 191
\BOOKMARK [2][-]{subsection.11.3.2}{\376\377\000R\000o\000u\000t\000e\000s\000\040\000C\000R\000U\000D\000\040\000d\000e\000s\000\040\000\351\000v\000\351\000n\000e\000m\000e\000n\000t\000s}{section.11.3}% 192
\BOOKMARK [2][-]{subsection.11.3.3}{\376\377\000R\000o\000u\000t\000e\000\040\000d\000e\000\040\000r\000a\000p\000p\000o\000r\000t\000s}{section.11.3}% 193
\BOOKMARK [1][-]{section.11.4}{\376\377\000G\000e\000s\000t\000i\000o\000n\000\040\000d\000e\000s\000\040\000n\000o\000t\000i\000f\000i\000c\000a\000t\000i\000o\000n\000s}{chapter.11}% 194
\BOOKMARK [2][-]{subsection.11.4.1}{\376\377\000N\000o\000t\000i\000f\000i\000c\000a\000t\000i\000o\000n\000s\000\040\000p\000a\000r\000\040\000e\000-\000m\000a\000i\000l}{section.11.4}% 195
\BOOKMARK [1][-]{section.11.5}{\376\377\000S\000y\000n\000t\000h\000\350\000s\000e\000\040\000d\000u\000\040\000c\000h\000a\000p\000i\000t\000r\000e}{chapter.11}% 196
\BOOKMARK [0][-]{chapter.12}{\376\377\000I\000m\000p\000l\000\351\000m\000e\000n\000t\000a\000t\000i\000o\000n\000\040\000d\000u\000\040\000f\000r\000o\000n\000t\000e\000n\000d}{}% 197
\BOOKMARK [1][-]{section.12.1}{\376\377\000I\000n\000i\000t\000i\000a\000l\000i\000s\000a\000t\000i\000o\000n\000\040\000d\000u\000\040\000p\000r\000o\000j\000e\000t\000\040\000A\000n\000g\000u\000l\000a\000r}{chapter.12}% 198
\BOOKMARK [2][-]{subsection.12.1.1}{\376\377\000C\000r\000\351\000a\000t\000i\000o\000n\000\040\000d\000u\000\040\000p\000r\000o\000j\000e\000t}{section.12.1}% 199
\BOOKMARK [1][-]{section.12.2}{\376\377\000C\000o\000m\000p\000o\000s\000a\000n\000t\000s\000\040\000p\000r\000i\000n\000c\000i\000p\000a\000u\000x}{chapter.12}% 200
\BOOKMARK [2][-]{subsection.12.2.1}{\376\377\000L\000e\000\040\000t\000a\000b\000l\000e\000a\000u\000\040\000d\000e\000\040\000b\000o\000r\000d\000\040\000\050\000D\000a\000s\000h\000b\000o\000a\000r\000d\000\051}{section.12.2}% 201
\BOOKMARK [2][-]{subsection.12.2.2}{\376\377\000L\000e\000\040\000t\000e\000m\000p\000l\000a\000t\000e\000\040\000d\000u\000\040\000t\000a\000b\000l\000e\000a\000u\000\040\000d\000e\000\040\000b\000o\000r\000d}{section.12.2}% 202
\BOOKMARK [2][-]{subsection.12.2.3}{\376\377\000L\000a\000\040\000p\000a\000g\000e\000\040\000d\000e\000\040\000d\000\351\000t\000a\000i\000l\000\040\000d\000'\000u\000n\000e\000\040\000l\000i\000g\000n\000e}{section.12.2}% 203
\BOOKMARK [1][-]{section.12.3}{\376\377\000S\000e\000r\000v\000i\000c\000e\000s\000\040\000d\000e\000\040\000c\000o\000m\000m\000u\000n\000i\000c\000a\000t\000i\000o\000n}{chapter.12}% 204
\BOOKMARK [2][-]{subsection.12.3.1}{\376\377\000S\000e\000r\000v\000i\000c\000e\000\040\000A\000P\000I\000\040\000R\000E\000S\000T}{section.12.3}% 205
\BOOKMARK [2][-]{subsection.12.3.2}{\376\377\000S\000e\000r\000v\000i\000c\000e\000\040\000S\000o\000c\000k\000e\000t\000.\000I\000O\000\040\000\050\000t\000e\000m\000p\000s\000\040\000r\000\351\000e\000l\000\051}{section.12.3}% 206
\BOOKMARK [1][-]{section.12.4}{\376\377\000C\000o\000m\000p\000o\000s\000a\000n\000t\000s\000\040\000d\000e\000\040\000v\000i\000s\000u\000a\000l\000i\000s\000a\000t\000i\000o\000n}{chapter.12}% 207
\BOOKMARK [2][-]{subsection.12.4.1}{\376\377\000G\000r\000a\000p\000h\000i\000q\000u\000e\000s\000\040\000d\000e\000\040\000t\000e\000n\000d\000a\000n\000c\000e\000s}{section.12.4}% 208
\BOOKMARK [1][-]{section.12.5}{\376\377\000A\000u\000t\000h\000e\000n\000t\000i\000f\000i\000c\000a\000t\000i\000o\000n\000\040\000e\000t\000\040\000g\000e\000s\000t\000i\000o\000n\000\040\000d\000e\000s\000\040\000s\000e\000s\000s\000i\000o\000n\000s}{chapter.12}% 209
\BOOKMARK [2][-]{subsection.12.5.1}{\376\377\000R\000o\000u\000t\000e\000u\000r\000\040\000e\000t\000\040\000g\000a\000r\000d\000e\000s\000\040\000d\000e\000\040\000n\000a\000v\000i\000g\000a\000t\000i\000o\000n}{section.12.5}% 210
\BOOKMARK [1][-]{section.12.6}{\376\377\000R\000e\000s\000p\000o\000n\000s\000i\000v\000e\000\040\000d\000e\000s\000i\000g\000n}{chapter.12}% 211
\BOOKMARK [1][-]{section.12.7}{\376\377\000S\000y\000n\000t\000h\000\350\000s\000e\000\040\000d\000u\000\040\000c\000h\000a\000p\000i\000t\000r\000e}{chapter.12}% 212
\BOOKMARK [0][-]{chapter.13}{\376\377\000I\000m\000p\000l\000\351\000m\000e\000n\000t\000a\000t\000i\000o\000n\000\040\000E\000S\000P\0003\0002}{}% 213
\BOOKMARK [1][-]{section.13.1}{\376\377\000E\000n\000v\000i\000r\000o\000n\000n\000e\000m\000e\000n\000t\000\040\000d\000e\000\040\000d\000\351\000v\000e\000l\000o\000p\000p\000e\000m\000e\000n\000t}{chapter.13}% 214
\BOOKMARK [2][-]{subsection.13.1.1}{\376\377\000A\000r\000d\000u\000i\000n\000o\000\040\000I\000D\000E}{section.13.1}% 215
\BOOKMARK [2][-]{subsection.13.1.2}{\376\377\000B\000i\000b\000l\000i\000o\000t\000h\000\350\000q\000u\000e\000s\000\040\000u\000t\000i\000l\000i\000s\000\351\000e\000s}{section.13.1}% 216
\BOOKMARK [1][-]{section.13.2}{\376\377\000C\000o\000d\000e\000\040\000s\000o\000u\000r\000c\000e\000\040\000d\000u\000\040\000f\000i\000r\000m\000w\000a\000r\000e}{chapter.13}% 217
\BOOKMARK [2][-]{subsection.13.2.1}{\376\377\000C\000o\000n\000f\000i\000g\000u\000r\000a\000t\000i\000o\000n\000\040\000i\000n\000i\000t\000i\000a\000l\000e}{section.13.2}% 218
\BOOKMARK [2][-]{subsection.13.2.2}{\376\377\000C\000o\000n\000n\000e\000x\000i\000o\000n\000\040\000W\000i\000F\000i\000\040\000e\000t\000\040\000M\000Q\000T\000T}{section.13.2}% 219
\BOOKMARK [2][-]{subsection.13.2.3}{\376\377\000B\000o\000u\000c\000l\000e\000\040\000p\000r\000i\000n\000c\000i\000p\000a\000l\000e}{section.13.2}% 220
\BOOKMARK [2][-]{subsection.13.2.4}{\376\377\000E\000n\000v\000o\000i\000\040\000d\000'\000a\000l\000e\000r\000t\000e\000\040\000A\000n\000d\000o\000n}{section.13.2}% 221
\BOOKMARK [2][-]{subsection.13.2.5}{\376\377\000R\000\351\000-\000c\000e\000p\000t\000i\000o\000n\000\040\000d\000e\000\040\000c\000o\000m\000m\000a\000n\000d\000e\000s}{section.13.2}% 222
\BOOKMARK [1][-]{section.13.3}{\376\377\000G\000e\000s\000t\000i\000o\000n\000\040\000d\000e\000\040\000l\000a\000\040\000f\000i\000a\000b\000i\000l\000i\000t\000\351}{chapter.13}% 223
\BOOKMARK [2][-]{subsection.13.3.1}{\376\377\000R\000e\000c\000o\000n\000n\000e\000x\000i\000o\000n\000\040\000a\000u\000t\000o\000m\000a\000t\000i\000q\000u\000e}{section.13.3}% 224
\BOOKMARK [2][-]{subsection.13.3.2}{\376\377\000S\000u\000r\000v\000e\000i\000l\000l\000a\000n\000c\000e\000\040\000d\000e\000\040\000l\000a\000\040\000c\000o\000n\000n\000e\000x\000i\000o\000n\000\040\000W\000i\000F\000i}{section.13.3}% 225
\BOOKMARK [1][-]{section.13.4}{\376\377\000T\000e\000s\000t\000s\000\040\000d\000u\000\040\000f\000i\000r\000m\000w\000a\000r\000e}{chapter.13}% 226
\BOOKMARK [2][-]{subsection.13.4.1}{\376\377\000T\000e\000s\000t\000s\000\040\000u\000n\000i\000t\000a\000i\000r\000e\000s}{section.13.4}% 227
\BOOKMARK [2][-]{subsection.13.4.2}{\376\377\000T\000e\000s\000t\000s\000\040\000e\000n\000\040\000c\000o\000n\000d\000i\000t\000i\000o\000n\000s\000\040\000r\000\351\000e\000l\000l\000e\000s}{section.13.4}% 228
\BOOKMARK [1][-]{section.13.5}{\376\377\000S\000y\000n\000t\000h\000\350\000s\000e\000\040\000d\000u\000\040\000c\000h\000a\000p\000i\000t\000r\000e}{chapter.13}% 229
\BOOKMARK [0][-]{chapter.14}{\376\377\000R\000\351\000s\000u\000l\000t\000a\000t\000s\000\040\000e\000x\000p\000\351\000r\000i\000m\000e\000n\000t\000a\000u\000x}{}% 230
\BOOKMARK [1][-]{section.14.1}{\376\377\000P\000r\000o\000t\000o\000c\000o\000l\000e\000\040\000e\000x\000p\000\351\000r\000i\000m\000e\000n\000t\000a\000l}{chapter.14}% 231
\BOOKMARK [2][-]{subsection.14.1.1}{\376\377\000C\000o\000n\000d\000i\000t\000i\000o\000n\000s\000\040\000d\000e\000\040\000t\000e\000s\000t}{section.14.1}% 232
\BOOKMARK [2][-]{subsection.14.1.2}{\376\377\000I\000n\000d\000i\000c\000a\000t\000e\000u\000r\000s\000\040\000m\000e\000s\000u\000r\000\351\000s}{section.14.1}% 233
\BOOKMARK [1][-]{section.14.2}{\376\377\000R\000\351\000s\000u\000l\000t\000a\000t\000s\000\040\000d\000e\000\040\000p\000e\000r\000f\000o\000r\000m\000a\000n\000c\000e}{chapter.14}% 234
\BOOKMARK [2][-]{subsection.14.2.1}{\376\377\000T\000e\000m\000p\000s\000\040\000d\000e\000\040\000d\000\351\000t\000e\000c\000t\000i\000o\000n}{section.14.2}% 235
\BOOKMARK [2][-]{subsection.14.2.2}{\376\377\000T\000e\000m\000p\000s\000\040\000d\000e\000\040\000r\000\351\000p\000o\000n\000s\000e}{section.14.2}% 236
\BOOKMARK [1][-]{section.14.3}{\376\377\000A\000n\000a\000l\000y\000s\000e\000\040\000d\000e\000s\000\040\000p\000a\000n\000n\000e\000s}{chapter.14}% 237
\BOOKMARK [2][-]{subsection.14.3.1}{\376\377\000R\000e\000p\000a\000r\000t\000i\000t\000i\000o\000n\000\040\000p\000a\000r\000\040\000t\000y\000p\000e}{section.14.3}% 238
\BOOKMARK [2][-]{subsection.14.3.2}{\376\377\000R\000e\000p\000a\000r\000t\000i\000t\000i\000o\000n\000\040\000p\000a\000r\000\040\000l\000i\000g\000n\000e}{section.14.3}% 239
\BOOKMARK [1][-]{section.14.4}{\376\377\000I\000n\000d\000i\000c\000a\000t\000e\000u\000r\000s\000\040\000d\000e\000\040\000p\000e\000r\000f\000o\000r\000m\000a\000n\000c\000e}{chapter.14}% 240
\BOOKMARK [2][-]{subsection.14.4.1}{\376\377\000T\000a\000u\000x\000\040\000d\000e\000\040\000d\000i\000s\000p\000o\000n\000i\000b\000i\000l\000i\000t\000e\000\040\000g\000l\000o\000b\000a\000l}{section.14.4}% 241
\BOOKMARK [2][-]{subsection.14.4.2}{\376\377\000F\000i\000a\000b\000i\000l\000i\000t\000e\000\040\000d\000u\000\040\000s\000y\000s\000t\000e\000m\000e}{section.14.4}% 242
\BOOKMARK [1][-]{section.14.5}{\376\377\000R\000e\000t\000o\000u\000r\000\040\000d\000e\000s\000\040\000u\000t\000i\000l\000i\000s\000a\000t\000e\000u\000r\000s}{chapter.14}% 243
\BOOKMARK [2][-]{subsection.14.5.1}{\376\377\000E\000n\000q\000u\000e\000t\000e\000\040\000d\000e\000\040\000s\000a\000t\000i\000s\000f\000a\000c\000t\000i\000o\000n}{section.14.5}% 244
\BOOKMARK [1][-]{section.14.6}{\376\377\000C\000o\000u\000t\000-\000b\000e\000n\000e\000f\000i\000c\000e}{chapter.14}% 245
\BOOKMARK [2][-]{subsection.14.6.1}{\376\377\000C\000o\000u\000t\000\040\000d\000u\000\040\000s\000y\000s\000t\000e\000m\000e}{section.14.6}% 246
\BOOKMARK [2][-]{subsection.14.6.2}{\376\377\000B\000e\000n\000e\000f\000i\000c\000e\000s\000\040\000a\000t\000t\000e\000n\000d\000u\000s}{section.14.6}% 247
\BOOKMARK [1][-]{section.14.7}{\376\377\000S\000y\000n\000t\000h\000e\000s\000e\000\040\000d\000u\000\040\000c\000h\000a\000p\000i\000t\000r\000e}{chapter.14}% 248
\BOOKMARK [0][-]{chapter.15}{\376\377\000C\000o\000n\000c\000l\000u\000s\000i\000o\000n\000\040\000g\000\351\000n\000\351\000r\000a\000l\000e}{}% 249
\BOOKMARK [1][-]{section.15.1}{\376\377\000S\000y\000n\000t\000h\000\350\000s\000e\000\040\000d\000e\000s\000\040\000t\000r\000a\000v\000a\000u\000x}{chapter.15}% 250
\BOOKMARK [1][-]{section.15.2}{\376\377\000R\000\351\000a\000l\000i\000s\000a\000t\000i\000o\000n\000\040\000d\000e\000s\000\040\000o\000b\000j\000e\000c\000t\000i\000f\000s}{chapter.15}% 251
\BOOKMARK [1][-]{section.15.3}{\376\377\000P\000r\000i\000n\000c\000i\000p\000a\000u\000x\000\040\000r\000\351\000s\000u\000l\000t\000a\000t\000s}{chapter.15}% 252
\BOOKMARK [1][-]{section.15.4}{\376\377\000D\000i\000f\000f\000i\000c\000u\000l\000t\000\351\000s\000\040\000r\000e\000n\000c\000o\000n\000t\000r\000\351\000e\000s}{chapter.15}% 253
\BOOKMARK [1][-]{section.15.5}{\376\377\000P\000e\000r\000s\000p\000e\000c\000t\000i\000v\000e\000s\000\040\000d\000'\000\351\000v\000o\000l\000u\000t\000i\000o\000n}{chapter.15}% 254
\BOOKMARK [2][-]{subsection.15.5.1}{\376\377\000C\000o\000u\000r\000t\000\040\000t\000e\000r\000m\000e}{section.15.5}% 255
\BOOKMARK [2][-]{subsection.15.5.2}{\376\377\000M\000o\000y\000e\000n\000\040\000t\000e\000r\000m\000e}{section.15.5}% 256
\BOOKMARK [2][-]{subsection.15.5.3}{\376\377\000L\000o\000n\000g\000\040\000t\000e\000r\000m\000e}{section.15.5}% 257
\BOOKMARK [1][-]{section.15.6}{\376\377\000C\000o\000n\000c\000l\000u\000s\000i\000o\000n\000\040\000p\000e\000r\000s\000o\000n\000n\000e\000l\000l\000e}{chapter.15}% 258
\BOOKMARK [0][-]{chapter*.41}{\376\377\000R\000e\000f\000e\000r\000e\000n\000c\000e\000s\000\040\000B\000i\000b\000l\000i\000o\000g\000r\000a\000p\000h\000i\000q\000u\000e\000s}{}% 259
\BOOKMARK [0][-]{appendix.A}{\376\377\000A\000n\000n\000e\000x\000e\000s}{}% 260
\BOOKMARK [1][-]{section.A.1}{\376\377\000A\000n\000n\000e\000x\000e\000\040\000A\000\040\000:\000\040\000C\000o\000d\000e\000\040\000s\000o\000u\000r\000c\000e\000\040\000d\000u\000\040\000f\000i\000r\000m\000w\000a\000r\000e\000\040\000E\000S\000P\0003\0002}{appendix.A}% 261
\BOOKMARK [2][-]{subsection.A.1.1}{\376\377\000P\000r\000o\000g\000r\000a\000m\000m\000e\000\040\000p\000r\000i\000n\000c\000i\000p\000a\000l}{section.A.1}% 262
\BOOKMARK [1][-]{section.A.2}{\376\377\000A\000n\000n\000e\000x\000e\000\040\000B\000\040\000:\000\040\000S\000c\000r\000i\000p\000t\000\040\000S\000Q\000L}{appendix.A}% 263
\BOOKMARK [1][-]{section.A.3}{\376\377\000A\000n\000n\000e\000x\000e\000\040\000C\000\040\000:\000\040\000p\000a\000c\000k\000a\000g\000e\000.\000j\000s\000o\000n}{appendix.A}% 264
\BOOKMARK [1][-]{section.A.4}{\376\377\000A\000n\000n\000e\000x\000e\000\040\000D\000\040\000:\000\040\000P\000i\000n\000o\000u\000t\000\040\000E\000S\000P\0003\0002}{appendix.A}% 265
